<?xml version="1.0" encoding="UTF-8"?>
<testsuite xmlns:xsi="http://www.w3.org/2001/XMLSchema-instance" xsi:noNamespaceSchemaLocation="https://maven.apache.org/surefire/maven-surefire-plugin/xsd/surefire-test-report-3.0.xsd" version="3.0" name="org.udea.parabank.TestRunner" time="4.633" tests="1" errors="0" skipped="0" failures="0">
  <properties>
[...]
</properties>
  <testcase name="[1:8] Customer Login" classname="org/udea/parabank/login" time="3.901">
    <system-out><![CDATA[19:31:15.533 [main] DEBUG com.intuit.karate.Suite - [config] classpath:karate-config.js
19:31:17.351 [main] DEBUG com.intuit.karate - request:
1 > GET https://parabank.parasoft.com/parabank/services/bank/login/john/demo
1 > Accept: application/json
1 > Host: parabank.parasoft.com
1 > Connection: Keep-Alive
1 > User-Agent: Apache-HttpClient/4.5.13 (Java/1.8.0_492)
1 > Accept-Encoding: gzip,deflate


19:31:18.362 [main] DEBUG com.intuit.karate - response time in milliseconds: 1008
1 < 200
1 < Date: Fri, 22 May 2026 00:31:18 GMT
1 < Content-Type: application/json
1 < Transfer-Encoding: chunked
1 < Connection: keep-alive
1 < Server: cloudflare
1 < cf-cache-status: DYNAMIC
1 < X-Content-Type-Options: nosniff
1 < CF-RAY: 9ff7b799accea575-MIA
{"id":12212,"firstName":"John","lastName":"Smith","address":{"street":"1431 Main St","city":"Beverly Hills","state":"CA","zipCode":"90210"},"phoneNumber":"310-447-4121","ssn":"622-11-9999"}

---------------------------------------------------------
feature: classpath:org/udea/parabank/login.feature
scenarios:  1 | passed:  1 | failed:  0 | time: 1.4618
---------------------------------------------------------

Karate version: 1.3.1
======================================================
elapsed:   3.92 | threads:    1 | thread time: 1.46 
features:     1 | skipped:    0 | efficiency: 0.37
scenarios:    1 | passed:     1 | failed: 0
======================================================

HTML report: (paste into browser to view) | Karate version: 1.3.1
file:///home/julianrodriguez/Documents/2.%20Universidad/Pruebas%20de%20software/UDEA_KaratePS/target/karate-reports/karate-summary.html
===================================================================

]]></system-out>
  </testcase>
</testsuite>