<?xml version="1.0" encoding="UTF-8"?>
<testsuite xmlns:xsi="http://www.w3.org/2001/XMLSchema-instance" xsi:noNamespaceSchemaLocation="https://maven.apache.org/surefire/maven-surefire-plugin/xsd/surefire-test-report-3.0.xsd" version="3.0" name="org.udea.parabank.TestRunnerParallel" time="6.173" tests="1" errors="0" skipped="0" failures="1">
  <properties>
[...]
</properties>
  <testcase name="testParallel" classname="org.udea.parabank.TestRunnerParallel" time="6.151">
    <failure message="match failed: NOT_EQUALS&#10;  $ | is equal (NULL:NULL)&#10;  null&#10;  null&#10;&#10;classpath:org/udea/parabank/authentication-and-session-control.feature:18&#10;status code was: 400, expected: 200, response time in milliseconds: 1066, url: https://parabank.parasoft.com/parabank/services/bank/login/bob/12345, response: &#10;Invalid username and/or password&#10;classpath:org/udea/parabank/billpay.feature:13&#10;status code was: 400, expected: 200, response time in milliseconds: 926, url: https://parabank.parasoft.com/parabank/services/bank/login/bob/12345, response: &#10;Invalid username and/or password&#10;classpath:org/udea/parabank/billpay.feature:13&#10;status code was: 400, expected: 200, response time in milliseconds: 1067, url: https://parabank.parasoft.com/parabank/services/bank/login/bob/12345, response: &#10;Invalid username and/or password&#10;classpath:org/udea/parabank/billpay.feature:13&#10;status code was: 400, expected: 200, response time in milliseconds: 432, url: https://parabank.parasoft.com/parabank/services/bank/login/bob/12345, response: &#10;Invalid username and/or password&#10;classpath:org/udea/parabank/billpay.feature:13&#10;status code was: 400, expected: 200, response time in milliseconds: 288, url: https://parabank.parasoft.com/parabank/services/bank/login/bob/12345, response: &#10;Invalid username and/or password&#10;classpath:org/udea/parabank/billpay.feature:13 ==&gt; expected: &lt;0&gt; but was: &lt;6&gt;" type="org.opentest4j.AssertionFailedError"><![CDATA[org.opentest4j.AssertionFailedError: 
match failed: NOT_EQUALS
  $ | is equal (NULL:NULL)
  null
  null

classpath:org/udea/parabank/authentication-and-session-control.feature:18
status code was: 400, expected: 200, response time in milliseconds: 1066, url: https://parabank.parasoft.com/parabank/services/bank/login/bob/12345, response: 
Invalid username and/or password
classpath:org/udea/parabank/billpay.feature:13
status code was: 400, expected: 200, response time in milliseconds: 926, url: https://parabank.parasoft.com/parabank/services/bank/login/bob/12345, response: 
Invalid username and/or password
classpath:org/udea/parabank/billpay.feature:13
status code was: 400, expected: 200, response time in milliseconds: 1067, url: https://parabank.parasoft.com/parabank/services/bank/login/bob/12345, response: 
Invalid username and/or password
classpath:org/udea/parabank/billpay.feature:13
status code was: 400, expected: 200, response time in milliseconds: 432, url: https://parabank.parasoft.com/parabank/services/bank/login/bob/12345, response: 
Invalid username and/or password
classpath:org/udea/parabank/billpay.feature:13
status code was: 400, expected: 200, response time in milliseconds: 288, url: https://parabank.parasoft.com/parabank/services/bank/login/bob/12345, response: 
Invalid username and/or password
classpath:org/udea/parabank/billpay.feature:13 ==> expected: <0> but was: <6>
	at org.junit.jupiter.api.AssertionUtils.fail(AssertionUtils.java:55)
	at org.junit.jupiter.api.AssertionUtils.failNotEqual(AssertionUtils.java:62)
	at org.junit.jupiter.api.AssertEquals.assertEquals(AssertEquals.java:150)
	at org.junit.jupiter.api.Assertions.assertEquals(Assertions.java:542)
	at org.udea.parabank.TestRunnerParallel.testParallel(TestRunnerParallel.java:26)
	at sun.reflect.NativeMethodAccessorImpl.invoke0(Native Method)
	at sun.reflect.NativeMethodAccessorImpl.invoke(NativeMethodAccessorImpl.java:62)
	at sun.reflect.DelegatingMethodAccessorImpl.invoke(DelegatingMethodAccessorImpl.java:43)
	at java.lang.reflect.Method.invoke(Method.java:498)
	at org.junit.platform.commons.util.ReflectionUtils.invokeMethod(ReflectionUtils.java:688)
	at org.junit.jupiter.engine.execution.MethodInvocation.proceed(MethodInvocation.java:60)
	at org.junit.jupiter.engine.execution.InvocationInterceptorChain$ValidatingInvocation.proceed(InvocationInterceptorChain.java:131)
	at org.junit.jupiter.engine.extension.TimeoutExtension.intercept(TimeoutExtension.java:149)
	at org.junit.jupiter.engine.extension.TimeoutExtension.interceptTestableMethod(TimeoutExtension.java:140)
	at org.junit.jupiter.engine.extension.TimeoutExtension.interceptTestMethod(TimeoutExtension.java:84)
	at org.junit.jupiter.engine.execution.ExecutableInvoker$ReflectiveInterceptorCall.lambda$ofVoidMethod$0(ExecutableInvoker.java:115)
	at org.junit.jupiter.engine.execution.ExecutableInvoker.lambda$invoke$0(ExecutableInvoker.java:105)
	at org.junit.jupiter.engine.execution.InvocationInterceptorChain$InterceptedInvocation.proceed(InvocationInterceptorChain.java:106)
	at org.junit.jupiter.engine.execution.InvocationInterceptorChain.proceed(InvocationInterceptorChain.java:64)
	at org.junit.jupiter.engine.execution.InvocationInterceptorChain.chainAndInvoke(InvocationInterceptorChain.java:45)
	at org.junit.jupiter.engine.execution.InvocationInterceptorChain.invoke(InvocationInterceptorChain.java:37)
	at org.junit.jupiter.engine.execution.ExecutableInvoker.invoke(ExecutableInvoker.java:104)
	at org.junit.jupiter.engine.execution.ExecutableInvoker.invoke(ExecutableInvoker.java:98)
	at org.junit.jupiter.engine.descriptor.TestMethodTestDescriptor.lambda$invokeTestMethod$6(TestMethodTestDescriptor.java:210)
	at org.junit.platform.engine.support.hierarchical.ThrowableCollector.execute(ThrowableCollector.java:73)
	at org.junit.jupiter.engine.descriptor.TestMethodTestDescriptor.invokeTestMethod(TestMethodTestDescriptor.java:206)
	at org.junit.jupiter.engine.descriptor.TestMethodTestDescriptor.execute(TestMethodTestDescriptor.java:131)
	at org.junit.jupiter.engine.descriptor.TestMethodTestDescriptor.execute(TestMethodTestDescriptor.java:65)
	at org.junit.platform.engine.support.hierarchical.NodeTestTask.lambda$executeRecursively$5(NodeTestTask.java:139)
	at org.junit.platform.engine.support.hierarchical.ThrowableCollector.execute(ThrowableCollector.java:73)
	at org.junit.platform.engine.support.hierarchical.NodeTestTask.lambda$executeRecursively$7(NodeTestTask.java:129)
	at org.junit.platform.engine.support.hierarchical.Node.around(Node.java:137)
	at org.junit.platform.engine.support.hierarchical.NodeTestTask.lambda$executeRecursively$8(NodeTestTask.java:127)
	at org.junit.platform.engine.support.hierarchical.ThrowableCollector.execute(ThrowableCollector.java:73)
	at org.junit.platform.engine.support.hierarchical.NodeTestTask.executeRecursively(NodeTestTask.java:126)
	at org.junit.platform.engine.support.hierarchical.NodeTestTask.execute(NodeTestTask.java:84)
	at java.util.ArrayList.forEach(ArrayList.java:1259)
	at org.junit.platform.engine.support.hierarchical.SameThreadHierarchicalTestExecutorService.invokeAll(SameThreadHierarchicalTestExecutorService.java:38)
	at org.junit.platform.engine.support.hierarchical.NodeTestTask.lambda$executeRecursively$5(NodeTestTask.java:143)
	at org.junit.platform.engine.support.hierarchical.ThrowableCollector.execute(ThrowableCollector.java:73)
	at org.junit.platform.engine.support.hierarchical.NodeTestTask.lambda$executeRecursively$7(NodeTestTask.java:129)
	at org.junit.platform.engine.support.hierarchical.Node.around(Node.java:137)
	at org.junit.platform.engine.support.hierarchical.NodeTestTask.lambda$executeRecursively$8(NodeTestTask.java:127)
	at org.junit.platform.engine.support.hierarchical.ThrowableCollector.execute(ThrowableCollector.java:73)
	at org.junit.platform.engine.support.hierarchical.NodeTestTask.executeRecursively(NodeTestTask.java:126)
	at org.junit.platform.engine.support.hierarchical.NodeTestTask.execute(NodeTestTask.java:84)
	at java.util.ArrayList.forEach(ArrayList.java:1259)
	at org.junit.platform.engine.support.hierarchical.SameThreadHierarchicalTestExecutorService.invokeAll(SameThreadHierarchicalTestExecutorService.java:38)
	at org.junit.platform.engine.support.hierarchical.NodeTestTask.lambda$executeRecursively$5(NodeTestTask.java:143)
	at org.junit.platform.engine.support.hierarchical.ThrowableCollector.execute(ThrowableCollector.java:73)
	at org.junit.platform.engine.support.hierarchical.NodeTestTask.lambda$executeRecursively$7(NodeTestTask.java:129)
	at org.junit.platform.engine.support.hierarchical.Node.around(Node.java:137)
	at org.junit.platform.engine.support.hierarchical.NodeTestTask.lambda$executeRecursively$8(NodeTestTask.java:127)
	at org.junit.platform.engine.support.hierarchical.ThrowableCollector.execute(ThrowableCollector.java:73)
	at org.junit.platform.engine.support.hierarchical.NodeTestTask.executeRecursively(NodeTestTask.java:126)
	at org.junit.platform.engine.support.hierarchical.NodeTestTask.execute(NodeTestTask.java:84)
	at org.junit.platform.engine.support.hierarchical.SameThreadHierarchicalTestExecutorService.submit(SameThreadHierarchicalTestExecutorService.java:32)
	at org.junit.platform.engine.support.hierarchical.HierarchicalTestExecutor.execute(HierarchicalTestExecutor.java:57)
	at org.junit.platform.engine.support.hierarchical.HierarchicalTestEngine.execute(HierarchicalTestEngine.java:51)
	at org.junit.platform.launcher.core.EngineExecutionOrchestrator.execute(EngineExecutionOrchestrator.java:108)
	at org.junit.platform.launcher.core.EngineExecutionOrchestrator.execute(EngineExecutionOrchestrator.java:88)
	at org.junit.platform.launcher.core.EngineExecutionOrchestrator.lambda$execute$0(EngineExecutionOrchestrator.java:54)
	at org.junit.platform.launcher.core.EngineExecutionOrchestrator.withInterceptedStreams(EngineExecutionOrchestrator.java:67)
	at org.junit.platform.launcher.core.EngineExecutionOrchestrator.execute(EngineExecutionOrchestrator.java:52)
	at org.junit.platform.launcher.core.DefaultLauncher.execute(DefaultLauncher.java:96)
	at org.junit.platform.launcher.core.DefaultLauncher.execute(DefaultLauncher.java:75)
	at org.apache.maven.surefire.junitplatform.LazyLauncher.execute(LazyLauncher.java:55)
	at org.apache.maven.surefire.junitplatform.JUnitPlatformProvider.execute(JUnitPlatformProvider.java:223)
	at org.apache.maven.surefire.junitplatform.JUnitPlatformProvider.invokeAllTests(JUnitPlatformProvider.java:175)
	at org.apache.maven.surefire.junitplatform.JUnitPlatformProvider.invoke(JUnitPlatformProvider.java:139)
	at org.apache.maven.surefire.booter.ForkedBooter.runSuitesInProcess(ForkedBooter.java:456)
	at org.apache.maven.surefire.booter.ForkedBooter.execute(ForkedBooter.java:169)
	at org.apache.maven.surefire.booter.ForkedBooter.run(ForkedBooter.java:595)
	at org.apache.maven.surefire.booter.ForkedBooter.main(ForkedBooter.java:581)
]]></failure>
    <system-out><![CDATA[19:36:16.093 [main] DEBUG com.intuit.karate.Suite - [config] classpath:karate-config.js
19:36:16.097 [main] INFO  com.intuit.karate.Suite - backed up existing 'target/karate-reports' dir to: target/karate-reports_1779410176096
19:36:16.105 [main] DEBUG com.intuit.karate.Suite - waiting for 3 features to complete
19:36:17.696 [pool-2-thread-2] DEBUG com.intuit.karate - request:
1 > GET https://parabank.parasoft.com/parabank/services/bank/login/usuarioInvalido/claveIncorrecta
1 > Accept: application/json
1 > Host: parabank.parasoft.com
1 > Connection: Keep-Alive
1 > User-Agent: Apache-HttpClient/4.5.13 (Java/1.8.0_492)
1 > Accept-Encoding: gzip,deflate


19:36:17.696 [pool-2-thread-1] DEBUG com.intuit.karate - request:
1 > GET https://parabank.parasoft.com/parabank/services/bank/login/john/demo
1 > Accept: application/json
1 > Host: parabank.parasoft.com
1 > Connection: Keep-Alive
1 > User-Agent: Apache-HttpClient/4.5.13 (Java/1.8.0_492)
1 > Accept-Encoding: gzip,deflate


19:36:17.696 [pool-2-thread-5] DEBUG com.intuit.karate - request:
1 > GET https://parabank.parasoft.com/parabank/services/bank/login/bob/12345
1 > Accept: application/json
1 > Content-Type: application/json
1 > Host: parabank.parasoft.com
1 > Connection: Keep-Alive
1 > User-Agent: Apache-HttpClient/4.5.13 (Java/1.8.0_492)
1 > Accept-Encoding: gzip,deflate


19:36:17.696 [pool-2-thread-4] DEBUG com.intuit.karate - request:
1 > GET https://parabank.parasoft.com/parabank/services/bank/login/bob/12345
1 > Accept: application/json
1 > Content-Type: application/json
1 > Host: parabank.parasoft.com
1 > Connection: Keep-Alive
1 > User-Agent: Apache-HttpClient/4.5.13 (Java/1.8.0_492)
1 > Accept-Encoding: gzip,deflate


19:36:17.696 [pool-2-thread-3] DEBUG com.intuit.karate - request:
1 > GET https://parabank.parasoft.com/parabank/services/bank/login/bob/12345
1 > Accept: application/json
1 > Content-Type: application/json
1 > Host: parabank.parasoft.com
1 > Connection: Keep-Alive
1 > User-Agent: Apache-HttpClient/4.5.13 (Java/1.8.0_492)
1 > Accept-Encoding: gzip,deflate


19:36:18.624 [pool-2-thread-4] DEBUG com.intuit.karate - response time in milliseconds: 926
1 < 400
1 < Date: Fri, 22 May 2026 00:36:18 GMT
1 < Content-Type: text/plain;charset=UTF-8
1 < Content-Length: 32
1 < Connection: keep-alive
1 < Server: cloudflare
1 < cf-cache-status: DYNAMIC
1 < X-Content-Type-Options: nosniff
1 < CF-RAY: 9ff7beef8bb1258f-MIA
Invalid username and/or password

19:36:18.627 [pool-2-thread-4] ERROR com.intuit.karate - classpath:org/udea/parabank/billpay.feature:13
Then status 200
status code was: 400, expected: 200, response time in milliseconds: 926, url: https://parabank.parasoft.com/parabank/services/bank/login/bob/12345, response: 
Invalid username and/or password
classpath:org/udea/parabank/billpay.feature:13
19:36:18.648 [pool-2-thread-4] DEBUG com.intuit.karate - request:
1 > GET https://parabank.parasoft.com/parabank/services/bank/login/bob/12345
1 > Accept: application/json
1 > Content-Type: application/json
1 > Host: parabank.parasoft.com
1 > Connection: Keep-Alive
1 > User-Agent: Apache-HttpClient/4.5.13 (Java/1.8.0_492)
1 > Accept-Encoding: gzip,deflate


19:36:18.763 [pool-2-thread-3] DEBUG com.intuit.karate - response time in milliseconds: 1066
1 < 400
1 < Date: Fri, 22 May 2026 00:36:18 GMT
1 < Content-Type: text/plain;charset=UTF-8
1 < Content-Length: 32
1 < Connection: keep-alive
1 < Server: cloudflare
1 < cf-cache-status: DYNAMIC
1 < X-Content-Type-Options: nosniff
1 < CF-RAY: 9ff7beef8e1a5f7a-MIA
Invalid username and/or password

19:36:18.763 [pool-2-thread-2] DEBUG com.intuit.karate - response time in milliseconds: 1067
1 < 400
1 < Date: Fri, 22 May 2026 00:36:18 GMT
1 < Content-Type: text/plain;charset=UTF-8
1 < Content-Length: 32
1 < Connection: keep-alive
1 < Server: cloudflare
1 < cf-cache-status: DYNAMIC
1 < X-Content-Type-Options: nosniff
1 < CF-RAY: 9ff7beef8e7ddd78-MIA
Invalid username and/or password

19:36:18.763 [pool-2-thread-5] DEBUG com.intuit.karate - response time in milliseconds: 1067
1 < 400
1 < Date: Fri, 22 May 2026 00:36:18 GMT
1 < Content-Type: text/plain;charset=UTF-8
1 < Content-Length: 32
1 < Connection: keep-alive
1 < Server: cloudflare
1 < cf-cache-status: DYNAMIC
1 < X-Content-Type-Options: nosniff
1 < CF-RAY: 9ff7beef8ad4da04-MIA
Invalid username and/or password

19:36:18.766 [pool-2-thread-1] DEBUG com.intuit.karate - response time in milliseconds: 1070
1 < 200
1 < Date: Fri, 22 May 2026 00:36:18 GMT
1 < Content-Type: application/json
1 < Transfer-Encoding: chunked
1 < Connection: keep-alive
1 < Server: cloudflare
1 < cf-cache-status: DYNAMIC
1 < X-Content-Type-Options: nosniff
1 < CF-RAY: 9ff7beef8b355d37-MIA
{"id":12212,"firstName":"John","lastName":"Smith","address":{"street":"1431 Main St","city":"Beverly Hills","state":"CA","zipCode":"90210"},"phoneNumber":"310-447-4121","ssn":"622-11-9999"}

19:36:18.767 [pool-2-thread-3] ERROR com.intuit.karate - classpath:org/udea/parabank/billpay.feature:13
Then status 200
status code was: 400, expected: 200, response time in milliseconds: 1066, url: https://parabank.parasoft.com/parabank/services/bank/login/bob/12345, response: 
Invalid username and/or password
classpath:org/udea/parabank/billpay.feature:13
19:36:18.767 [pool-2-thread-5] ERROR com.intuit.karate - classpath:org/udea/parabank/billpay.feature:13
Then status 200
status code was: 400, expected: 200, response time in milliseconds: 1067, url: https://parabank.parasoft.com/parabank/services/bank/login/bob/12345, response: 
Invalid username and/or password
classpath:org/udea/parabank/billpay.feature:13
19:36:18.786 [pool-2-thread-1] ERROR com.intuit.karate - classpath:org/udea/parabank/authentication-and-session-control.feature:18
And match sessionCookie != null
match failed: NOT_EQUALS
  $ | is equal (NULL:NULL)
  null
  null

classpath:org/udea/parabank/authentication-and-session-control.feature:18
19:36:18.788 [pool-2-thread-3] DEBUG com.intuit.karate - request:
1 > GET https://parabank.parasoft.com/parabank/services/bank/login/bob/12345
1 > Accept: application/json
1 > Content-Type: application/json
1 > Host: parabank.parasoft.com
1 > Connection: Keep-Alive
1 > User-Agent: Apache-HttpClient/4.5.13 (Java/1.8.0_492)
1 > Accept-Encoding: gzip,deflate


19:36:18.792 [pool-2-thread-5] DEBUG com.intuit.karate - request:
1 > GET https://parabank.parasoft.com/parabank/services/bank/login/john/demo
1 > Accept: application/json
1 > Host: parabank.parasoft.com
1 > Connection: Keep-Alive
1 > User-Agent: Apache-HttpClient/4.5.13 (Java/1.8.0_492)
1 > Accept-Encoding: gzip,deflate


19:36:19.074 [pool-2-thread-5] DEBUG com.intuit.karate - response time in milliseconds: 281
1 < 200
1 < Date: Fri, 22 May 2026 00:36:19 GMT
1 < Content-Type: application/json
1 < Transfer-Encoding: chunked
1 < Connection: keep-alive
1 < Server: cloudflare
1 < cf-cache-status: DYNAMIC
1 < X-Content-Type-Options: nosniff
1 < CF-RAY: 9ff7bef27fa31efb-MIA
{"id":12212,"firstName":"John","lastName":"Smith","address":{"street":"1431 Main St","city":"Beverly Hills","state":"CA","zipCode":"90210"},"phoneNumber":"310-447-4121","ssn":"622-11-9999"}

19:36:19.077 [pool-2-thread-3] DEBUG com.intuit.karate - response time in milliseconds: 288
1 < 400
1 < Date: Fri, 22 May 2026 00:36:19 GMT
1 < Content-Type: text/plain;charset=UTF-8
1 < Content-Length: 32
1 < Connection: keep-alive
1 < Server: cloudflare
1 < cf-cache-status: DYNAMIC
1 < X-Content-Type-Options: nosniff
1 < CF-RAY: 9ff7bef27a90d9b1-MIA
Invalid username and/or password

19:36:19.079 [pool-2-thread-3] ERROR com.intuit.karate - classpath:org/udea/parabank/billpay.feature:13
Then status 200
status code was: 400, expected: 200, response time in milliseconds: 288, url: https://parabank.parasoft.com/parabank/services/bank/login/bob/12345, response: 
Invalid username and/or password
classpath:org/udea/parabank/billpay.feature:13
19:36:19.081 [pool-2-thread-4] DEBUG com.intuit.karate - response time in milliseconds: 432
1 < 400
1 < Date: Fri, 22 May 2026 00:36:19 GMT
1 < Content-Type: text/plain;charset=UTF-8
1 < Content-Length: 32
1 < Connection: keep-alive
1 < Server: cloudflare
1 < cf-cache-status: DYNAMIC
1 < X-Content-Type-Options: nosniff
1 < CF-RAY: 9ff7bef19a1d227f-MIA
Invalid username and/or password

19:36:19.083 [pool-2-thread-4] ERROR com.intuit.karate - classpath:org/udea/parabank/billpay.feature:13
Then status 200
status code was: 400, expected: 200, response time in milliseconds: 432, url: https://parabank.parasoft.com/parabank/services/bank/login/bob/12345, response: 
Invalid username and/or password
classpath:org/udea/parabank/billpay.feature:13
---------------------------------------------------------
feature: classpath:org/udea/parabank/authentication-and-session-control.feature
scenarios:  2 | passed:  1 | failed:  1 | time: 2.8393
---------------------------------------------------------

19:36:19.700 [pool-3-thread-1] INFO  com.intuit.karate.Suite - <<fail>> feature 1 of 3 (2 remaining) classpath:org/udea/parabank/authentication-and-session-control.feature
---------------------------------------------------------
feature: classpath:org/udea/parabank/billpay.feature
scenarios:  5 | passed:  0 | failed:  5 | time: 4.8050
---------------------------------------------------------

19:36:20.045 [pool-3-thread-1] INFO  com.intuit.karate.Suite - <<fail>> feature 2 of 3 (1 remaining) classpath:org/udea/parabank/billpay.feature
---------------------------------------------------------
feature: classpath:org/udea/parabank/login.feature
scenarios:  1 | passed:  1 | failed:  0 | time: 0.2885
---------------------------------------------------------

19:36:20.086 [pool-3-thread-1] INFO  com.intuit.karate.Suite - <<pass>> feature 3 of 3 (0 remaining) classpath:org/udea/parabank/login.feature
Karate version: 1.3.1
======================================================
elapsed:   4.71 | threads:    5 | thread time: 7.93 
features:     3 | skipped:    0 | efficiency: 0.34
scenarios:    8 | passed:     2 | failed: 6
======================================================
>>> failed features:
match failed: NOT_EQUALS
  $ | is equal (NULL:NULL)
  null
  null

classpath:org/udea/parabank/authentication-and-session-control.feature:18
status code was: 400, expected: 200, response time in milliseconds: 1066, url: https://parabank.parasoft.com/parabank/services/bank/login/bob/12345, response: 
Invalid username and/or password
classpath:org/udea/parabank/billpay.feature:13
status code was: 400, expected: 200, response time in milliseconds: 926, url: https://parabank.parasoft.com/parabank/services/bank/login/bob/12345, response: 
Invalid username and/or password
classpath:org/udea/parabank/billpay.feature:13
status code was: 400, expected: 200, response time in milliseconds: 1067, url: https://parabank.parasoft.com/parabank/services/bank/login/bob/12345, response: 
Invalid username and/or password
classpath:org/udea/parabank/billpay.feature:13
status code was: 400, expected: 200, response time in milliseconds: 432, url: https://parabank.parasoft.com/parabank/services/bank/login/bob/12345, response: 
Invalid username and/or password
classpath:org/udea/parabank/billpay.feature:13
status code was: 400, expected: 200, response time in milliseconds: 288, url: https://parabank.parasoft.com/parabank/services/bank/login/bob/12345, response: 
Invalid username and/or password
classpath:org/udea/parabank/billpay.feature:13
<<<

HTML report: (paste into browser to view) | Karate version: 1.3.1
file:///home/julianrodriguez/Documents/2.%20Universidad/Pruebas%20de%20software/UDEA_KaratePS/target/karate-reports/karate-summary.html
===================================================================

]]></system-out>
    <system-err><![CDATA[May 21, 2026 7:36:20 PM net.masterthought.cucumber.ReportParser parseJsonFiles
INFO: File '/home/julianrodriguez/Documents/2. Universidad/Pruebas de software/UDEA_KaratePS/target/karate-reports/org.udea.parabank.authentication-and-session-control.json' contains 1 feature(s)
May 21, 2026 7:36:20 PM net.masterthought.cucumber.ReportParser parseJsonFiles
INFO: File '/home/julianrodriguez/Documents/2. Universidad/Pruebas de software/UDEA_KaratePS/target/karate-reports/org.udea.parabank.billpay.json' contains 1 feature(s)
May 21, 2026 7:36:20 PM net.masterthought.cucumber.ReportParser parseJsonFiles
INFO: File '/home/julianrodriguez/Documents/2. Universidad/Pruebas de software/UDEA_KaratePS/target/karate-reports/org.udea.parabank.login.json' contains 1 feature(s)
]]></system-err>
  </testcase>
</testsuite>